c:\users\andrey\source\workspaces\andrewengine\vgp330\09_hellolighting\x64\debug\vc142.pdb
c:\users\andrey\source\workspaces\andrewengine\vgp330\09_hellolighting\x64\debug\vc142.idb
c:\users\andrey\source\workspaces\andrewengine\vgp330\09_hellolighting\x64\debug\winmain.obj
c:\users\andrey\source\workspaces\andrewengine\vgp330\09_hellolighting\x64\debug\gamestate.obj
c:\users\andrey\desktop\andrewengine\andrewengine\vgp330\09_hellolighting\x64\debug\vc142.pdb
c:\users\andrey\desktop\andrewengine\andrewengine\vgp330\09_hellolighting\x64\debug\vc142.idb
c:\users\andrey\desktop\andrewengine\andrewengine\vgp330\09_hellolighting\x64\debug\winmain.obj
c:\users\andrey\desktop\andrewengine\andrewengine\vgp330\09_hellolighting\x64\debug\gamestate.obj
c:\users\andrey\source\workspaces\andrewengine\andrewengine\x64\debug\09_hellolighting.exe
c:\users\andrey\source\workspaces\andrewengine\vgp330\09_hellolighting\x64\debug\09_hellolighting.ilk
c:\users\andrey\source\workspaces\andrewengine\andrewengine\x64\debug\09_hellolighting.pdb
c:\users\andrey\desktop\andrewengine\andrewengine\andrewengine\x64\debug\09_hellolighting.exe
c:\users\andrey\desktop\andrewengine\andrewengine\vgp330\09_hellolighting\x64\debug\09_hellolighting.ilk
c:\users\andrey\desktop\andrewengine\andrewengine\andrewengine\x64\debug\09_hellolighting.pdb
c:\users\andrey\desktop\andrewengine\andrewengine\vgp330\09_hellolighting\x64\debug\09_hellolighting.tlog\cl.command.1.tlog
c:\users\andrey\desktop\andrewengine\andrewengine\vgp330\09_hellolighting\x64\debug\09_hellolighting.tlog\cl.read.1.tlog
c:\users\andrey\desktop\andrewengine\andrewengine\vgp330\09_hellolighting\x64\debug\09_hellolighting.tlog\cl.write.1.tlog
c:\users\andrey\desktop\andrewengine\andrewengine\vgp330\09_hellolighting\x64\debug\09_hellolighting.tlog\link.command.1.tlog
c:\users\andrey\desktop\andrewengine\andrewengine\vgp330\09_hellolighting\x64\debug\09_hellolighting.tlog\link.read.1.tlog
c:\users\andrey\desktop\andrewengine\andrewengine\vgp330\09_hellolighting\x64\debug\09_hellolighting.tlog\link.write.1.tlog
