c:\users\andrey\source\workspaces\andrewengine\vgp330\08_hellosimpledraw\x64\debug\vc142.pdb
c:\users\andrey\source\workspaces\andrewengine\vgp330\08_hellosimpledraw\x64\debug\vc142.idb
c:\users\andrey\source\workspaces\andrewengine\vgp330\08_hellosimpledraw\x64\debug\winmain.obj
c:\users\andrey\source\workspaces\andrewengine\vgp330\08_hellosimpledraw\x64\debug\gamestate.obj
c:\users\andrey\desktop\andrewengine\andrewengine\vgp330\08_hellosimpledraw\x64\debug\vc142.pdb
c:\users\andrey\desktop\andrewengine\andrewengine\vgp330\08_hellosimpledraw\x64\debug\vc142.idb
c:\users\andrey\desktop\andrewengine\andrewengine\vgp330\08_hellosimpledraw\x64\debug\winmain.obj
c:\users\andrey\desktop\andrewengine\andrewengine\vgp330\08_hellosimpledraw\x64\debug\gamestate.obj
c:\users\andrey\source\workspaces\andrewengine\andrewengine\x64\debug\08_hellosimpledraw.exe
c:\users\andrey\source\workspaces\andrewengine\vgp330\08_hellosimpledraw\x64\debug\08_hellosimpledraw.ilk
c:\users\andrey\source\workspaces\andrewengine\andrewengine\x64\debug\08_hellosimpledraw.pdb
c:\users\andrey\desktop\andrewengine\andrewengine\andrewengine\x64\debug\08_hellosimpledraw.exe
c:\users\andrey\desktop\andrewengine\andrewengine\vgp330\08_hellosimpledraw\x64\debug\08_hellosimpledraw.ilk
c:\users\andrey\desktop\andrewengine\andrewengine\andrewengine\x64\debug\08_hellosimpledraw.pdb
c:\users\andrey\desktop\andrewengine\andrewengine\vgp330\08_hellosimpledraw\x64\debug\08_hello.e7b37822.tlog\cl.command.1.tlog
c:\users\andrey\desktop\andrewengine\andrewengine\vgp330\08_hellosimpledraw\x64\debug\08_hello.e7b37822.tlog\cl.read.1.tlog
c:\users\andrey\desktop\andrewengine\andrewengine\vgp330\08_hellosimpledraw\x64\debug\08_hello.e7b37822.tlog\cl.write.1.tlog
c:\users\andrey\desktop\andrewengine\andrewengine\vgp330\08_hellosimpledraw\x64\debug\08_hello.e7b37822.tlog\link.command.1.tlog
c:\users\andrey\desktop\andrewengine\andrewengine\vgp330\08_hellosimpledraw\x64\debug\08_hello.e7b37822.tlog\link.read.1.tlog
c:\users\andrey\desktop\andrewengine\andrewengine\vgp330\08_hellosimpledraw\x64\debug\08_hello.e7b37822.tlog\link.write.1.tlog
