c:\users\andrey\source\workspaces\andrewengine\andrewengine\x64\debug\graphics.pdb
c:\users\andrey\source\workspaces\andrewengine\andrewengine\x64\debug\graphics.idb
c:\users\andrey\source\workspaces\andrewengine\framework\graphics\x64\debug\vertexshader.obj
c:\users\andrey\source\workspaces\andrewengine\framework\graphics\x64\debug\texturemanager.obj
c:\users\andrey\source\workspaces\andrewengine\framework\graphics\x64\debug\texture.obj
c:\users\andrey\source\workspaces\andrewengine\framework\graphics\x64\debug\pixelshader.obj
c:\users\andrey\source\workspaces\andrewengine\framework\graphics\x64\debug\meshbuilder.obj
c:\users\andrey\source\workspaces\andrewengine\framework\graphics\x64\debug\meshbuffer.obj
c:\users\andrey\source\workspaces\andrewengine\framework\graphics\x64\debug\graphicssystem.obj
c:\users\andrey\source\workspaces\andrewengine\framework\graphics\x64\debug\debugui.obj
c:\users\andrey\source\workspaces\andrewengine\framework\graphics\x64\debug\constantbuffer.obj
c:\users\andrey\source\workspaces\andrewengine\framework\graphics\x64\debug\camera.obj
c:\users\andrey\source\workspaces\andrewengine\framework\graphics\x64\debug\blendstate.obj
c:\users\andrey\source\workspaces\andrewengine\framework\graphics\x64\debug\graphics.pch
c:\users\andrey\source\workspaces\andrewengine\framework\graphics\x64\debug\precompiles.obj
c:\users\andrey\source\workspaces\andrewengine\andrewengine\x64\debug\graphics.lib
c:\users\andrey\source\workspaces\andrewengine\framework\graphics\x64\debug\graphics.tlog\cl.command.1.tlog
c:\users\andrey\source\workspaces\andrewengine\framework\graphics\x64\debug\graphics.tlog\cl.read.1.tlog
c:\users\andrey\source\workspaces\andrewengine\framework\graphics\x64\debug\graphics.tlog\cl.write.1.tlog
c:\users\andrey\source\workspaces\andrewengine\framework\graphics\x64\debug\graphics.tlog\lib-link.read.1.tlog
c:\users\andrey\source\workspaces\andrewengine\framework\graphics\x64\debug\graphics.tlog\lib-link.write.1.tlog
c:\users\andrey\source\workspaces\andrewengine\framework\graphics\x64\debug\graphics.tlog\lib.command.1.tlog
