c:\users\andrey\source\workspaces\andrewengine\vgp242\hellographics\x64\debug\vc142.pdb
c:\users\andrey\source\workspaces\andrewengine\vgp242\hellographics\x64\debug\vc142.idb
c:\users\andrey\source\workspaces\andrewengine\vgp242\hellographics\x64\debug\winmain.obj
c:\users\andrey\source\workspaces\andrewengine\vgp242\hellographics\x64\debug\gamestate.obj
c:\users\andrey\source\workspaces\andrewengine\vgp242\hellographics\x64\debug\hellographics.ilk
c:\users\andrey\source\workspaces\andrewengine\andrewengine\x64\debug\hellographics.exe
c:\users\andrey\source\workspaces\andrewengine\andrewengine\x64\debug\hellographics.pdb
c:\users\andrey\desktop\andrewengine\andrewengine\vgp242\hellographics\x64\debug\gamestate.obj
c:\users\andrey\desktop\andrewengine\andrewengine\vgp242\hellographics\x64\debug\winmain.obj
c:\users\andrey\desktop\andrewengine\andrewengine\vgp242\hellographics\x64\debug\hellographics.ilk
c:\users\andrey\desktop\andrewengine\andrewengine\vgp242\hellographics\x64\debug\vc142.idb
c:\users\andrey\desktop\andrewengine\andrewengine\vgp242\hellographics\x64\debug\vc142.pdb
c:\users\andrey\desktop\andrewengine\andrewengine\andrewengine\x64\debug\hellographics.pdb
c:\users\andrey\desktop\andrewengine\andrewengine\andrewengine\x64\debug\hellographics.exe
c:\users\andrey\desktop\andrewengine\andrewengine\vgp242\hellographics\x64\debug\hellographics.tlog\cl.command.1.tlog
c:\users\andrey\desktop\andrewengine\andrewengine\vgp242\hellographics\x64\debug\hellographics.tlog\cl.read.1.tlog
c:\users\andrey\desktop\andrewengine\andrewengine\vgp242\hellographics\x64\debug\hellographics.tlog\cl.write.1.tlog
c:\users\andrey\desktop\andrewengine\andrewengine\vgp242\hellographics\x64\debug\hellographics.tlog\link.command.1.tlog
c:\users\andrey\desktop\andrewengine\andrewengine\vgp242\hellographics\x64\debug\hellographics.tlog\link.read.1.tlog
c:\users\andrey\desktop\andrewengine\andrewengine\vgp242\hellographics\x64\debug\hellographics.tlog\link.write.1.tlog
