  GameState.cpp
C:\Users\Andrey\source\Workspaces\AndrewEngine\VGP242\HelloMeshBuilder\GameState.h(69,50): warning C4244: 'argument': conversion from 'float' to 'int', possible loss of data
C:\Users\Andrey\source\Workspaces\AndrewEngine\VGP242\HelloMeshBuilder\GameState.h(69,44): warning C4244: 'argument': conversion from 'float' to 'int', possible loss of data
C:\Users\Andrey\source\Workspaces\AndrewEngine\VGP242\HelloMeshBuilder\GameState.h(82,53): warning C4244: 'argument': conversion from 'float' to 'int', possible loss of data
C:\Users\Andrey\source\Workspaces\AndrewEngine\VGP242\HelloMeshBuilder\GameState.h(82,47): warning C4244: 'argument': conversion from 'float' to 'int', possible loss of data
C:\Users\Andrey\source\Workspaces\AndrewEngine\VGP242\HelloMeshBuilder\GameState.h(95,52): warning C4244: 'argument': conversion from 'float' to 'int', possible loss of data
C:\Users\Andrey\source\Workspaces\AndrewEngine\VGP242\HelloMeshBuilder\GameState.h(95,45): warning C4244: 'argument': conversion from 'float' to 'int', possible loss of data
C:\Users\Andrey\source\Workspaces\AndrewEngine\VGP242\HelloMeshBuilder\GameState.cpp(26,48): warning C4244: 'argument': conversion from 'float' to 'int', possible loss of data
C:\Users\Andrey\source\Workspaces\AndrewEngine\VGP242\HelloMeshBuilder\GameState.cpp(26,41): warning C4244: 'argument': conversion from 'float' to 'int', possible loss of data
  WinMain.cpp
C:\Users\Andrey\source\Workspaces\AndrewEngine\VGP242\HelloMeshBuilder\GameState.h(69,50): warning C4244: 'argument': conversion from 'float' to 'int', possible loss of data
C:\Users\Andrey\source\Workspaces\AndrewEngine\VGP242\HelloMeshBuilder\GameState.h(69,44): warning C4244: 'argument': conversion from 'float' to 'int', possible loss of data
C:\Users\Andrey\source\Workspaces\AndrewEngine\VGP242\HelloMeshBuilder\GameState.h(82,53): warning C4244: 'argument': conversion from 'float' to 'int', possible loss of data
C:\Users\Andrey\source\Workspaces\AndrewEngine\VGP242\HelloMeshBuilder\GameState.h(82,47): warning C4244: 'argument': conversion from 'float' to 'int', possible loss of data
C:\Users\Andrey\source\Workspaces\AndrewEngine\VGP242\HelloMeshBuilder\GameState.h(95,52): warning C4244: 'argument': conversion from 'float' to 'int', possible loss of data
C:\Users\Andrey\source\Workspaces\AndrewEngine\VGP242\HelloMeshBuilder\GameState.h(95,45): warning C4244: 'argument': conversion from 'float' to 'int', possible loss of data
C:\Users\Andrey\source\Workspaces\AndrewEngine\Engine\AndrewEngine\Inc\App.h(28,21): warning C4477: 'snprintf' : format string '%d' requires an argument of type 'int', but variadic argument 2 has type '_Ty1'
          with
          [
              _Ty1=const size_t
          ]
C:\Users\Andrey\source\Workspaces\AndrewEngine\Engine\AndrewEngine\Inc\App.h(28,21): message : consider using '%zd' in the format string
C:\Users\Andrey\source\Workspaces\AndrewEngine\VGP242\HelloMeshBuilder\WinMain.cpp(18): message : see reference to function template instantiation 'void AndrewEngine::App::AddState<GameState>(size_t)' being compiled
  Generating Code...
  HelloMeshBuilder.vcxproj -> C:\Users\Andrey\source\Workspaces\AndrewEngine\AndrewEngine\x64\Debug\HelloMeshBuilder.exe
