c:\users\andrey\desktop\andrewengine\andrewengine\andrewengine\x64\debug\andrewengine.pdb
c:\users\andrey\desktop\andrewengine\andrewengine\andrewengine\x64\debug\andrewengine.idb
c:\users\andrey\desktop\andrewengine\andrewengine\engine\andrewengine\x64\debug\app.obj
c:\users\andrey\desktop\andrewengine\andrewengine\engine\andrewengine\x64\debug\andrewengine.obj
c:\users\andrey\desktop\andrewengine\andrewengine\engine\andrewengine\x64\debug\transformcomponent.obj
c:\users\andrey\desktop\andrewengine\andrewengine\engine\andrewengine\x64\debug\gameobject.obj
c:\users\andrey\desktop\andrewengine\andrewengine\engine\andrewengine\x64\debug\fpscameracontrollercomponent.obj
c:\users\andrey\desktop\andrewengine\andrewengine\engine\andrewengine\x64\debug\cameracomponent.obj
c:\users\andrey\desktop\andrewengine\andrewengine\engine\andrewengine\x64\debug\gameobjectfactory.obj
c:\users\andrey\desktop\andrewengine\andrewengine\engine\andrewengine\x64\debug\gameworld.obj
c:\users\andrey\desktop\andrewengine\andrewengine\engine\andrewengine\x64\debug\cameraservice.obj
c:\users\andrey\desktop\andrewengine\andrewengine\engine\andrewengine\x64\debug\renderservice.obj
c:\users\andrey\desktop\andrewengine\andrewengine\engine\andrewengine\x64\debug\modelcomponent.obj
c:\users\andrey\desktop\andrewengine\andrewengine\engine\andrewengine\x64\debug\meshcomponent.obj
c:\users\andrey\desktop\andrewengine\andrewengine\engine\andrewengine\x64\debug\rigidbodycomponent.obj
c:\users\andrey\desktop\andrewengine\andrewengine\engine\andrewengine\x64\debug\animationcomponent.obj
c:\users\andrey\desktop\andrewengine\andrewengine\engine\andrewengine\x64\debug\andrewengine.pch
c:\users\andrey\desktop\andrewengine\andrewengine\engine\andrewengine\x64\debug\precompiled.obj
c:\users\andrey\desktop\andrewengine\andrewengine\engine\andrewengine\x64\debug\collidercomponent.obj
c:\users\andrey\desktop\andrewengine\andrewengine\andrewengine\x64\debug\andrewengine.lib
c:\users\andrey\desktop\andrewengine\andrewengine\engine\andrewengine\x64\debug\andrewengine.tlog\cl.command.1.tlog
c:\users\andrey\desktop\andrewengine\andrewengine\engine\andrewengine\x64\debug\andrewengine.tlog\cl.read.1.tlog
c:\users\andrey\desktop\andrewengine\andrewengine\engine\andrewengine\x64\debug\andrewengine.tlog\cl.write.1.tlog
c:\users\andrey\desktop\andrewengine\andrewengine\engine\andrewengine\x64\debug\andrewengine.tlog\lib-link.read.1.tlog
c:\users\andrey\desktop\andrewengine\andrewengine\engine\andrewengine\x64\debug\andrewengine.tlog\lib-link.write.1.tlog
c:\users\andrey\desktop\andrewengine\andrewengine\engine\andrewengine\x64\debug\andrewengine.tlog\lib.command.1.tlog
